0 info it worked if it ends with ok
1 verbose cli [ 'C:\\Program Files\\nodejs\\node.exe',
1 verbose cli   'C:\\Program Files\\nodejs\\node_modules\\npm\\bin\\npm-cli.js',
1 verbose cli   'start' ]
2 info using npm@3.10.10
3 info using node@v6.9.5
4 verbose run-script [ 'prestart', 'start', 'poststart' ]
5 info lifecycle local.western.oa-bsa.org@1.0.0~prestart: local.western.oa-bsa.org@1.0.0
6 silly lifecycle local.western.oa-bsa.org@1.0.0~prestart: no script for prestart, continuing
7 info lifecycle local.western.oa-bsa.org@1.0.0~start: local.western.oa-bsa.org@1.0.0
8 verbose lifecycle local.western.oa-bsa.org@1.0.0~start: unsafe-perm in lifecycle true
9 verbose lifecycle local.western.oa-bsa.org@1.0.0~start: PATH: C:\Program Files\nodejs\node_modules\npm\bin\node-gyp-bin;C:\western.oa-bsa.org\node_modules\.bin;C:\Users\Kyle\AppData\Local\GitHub\PortableGit_f02737a78695063deace08e96d5042710d3e32db\cmd;C:\Users\Kyle\AppData\Local\GitHub\PortableGit_f02737a78695063deace08e96d5042710d3e32db\usr\bin;C:\Users\Kyle\AppData\Local\GitHub\PortableGit_f02737a78695063deace08e96d5042710d3e32db\usr\share\git-tfs;C:\Users\Kyle\AppData\Local\Apps\2.0\QOW2L6CK.D3P\Q4ROMZVW.4JY\gith..tion_317444273a93ac29_0003.0003_5794af8169eeff14;C:\Users\Kyle\AppData\Local\GitHub\lfs-amd64_1.5.5;C:\ProgramData\Oracle\Java\javapath;C:\Windows\system32;C:\Windows;C:\Windows\System32\Wbem;C:\Windows\System32\WindowsPowerShell\v1.0\;C:\Program Files (x86)\Windows Kits\8.1\Windows Performance Toolkit\;C:\Program Files\Microsoft SQL Server\110\Tools\Binn\;C:\Program Files (x86)\NVIDIA Corporation\PhysX\Common;C:\Program Files\nodejs\;C:\Ruby23-x64\bin;C:\Users\Kyle\AppData\Local\Microsoft\WindowsApps;C:\Users\Kyle\AppData\Roaming\npm;C:\Program Files (x86)\MSBuild\12.0\bin\;C:\Program Files (x86)\Microsoft SDKs\Windows\v8.1A\bin\NETFX 4.5.1 Tools\x64;C:\Program Files (x86)\Microsoft SDKs\F#\3.1\Framework\v4.0\
10 verbose lifecycle local.western.oa-bsa.org@1.0.0~start: CWD: C:\western.oa-bsa.org
11 silly lifecycle local.western.oa-bsa.org@1.0.0~start: Args: [ '/d /s /c', 'grunt && grunt watch' ]
12 silly lifecycle local.western.oa-bsa.org@1.0.0~start: Returned: code: 3221225786  signal: null
13 info lifecycle local.western.oa-bsa.org@1.0.0~start: Failed to exec start script
14 verbose stack Error: local.western.oa-bsa.org@1.0.0 start: `grunt && grunt watch`
14 verbose stack Exit status 3221225786
14 verbose stack     at EventEmitter.<anonymous> (C:\Program Files\nodejs\node_modules\npm\lib\utils\lifecycle.js:255:16)
14 verbose stack     at emitTwo (events.js:106:13)
14 verbose stack     at EventEmitter.emit (events.js:191:7)
14 verbose stack     at ChildProcess.<anonymous> (C:\Program Files\nodejs\node_modules\npm\lib\utils\spawn.js:40:14)
14 verbose stack     at emitTwo (events.js:106:13)
14 verbose stack     at ChildProcess.emit (events.js:191:7)
14 verbose stack     at maybeClose (internal/child_process.js:877:16)
14 verbose stack     at Process.ChildProcess._handle.onexit (internal/child_process.js:226:5)
15 verbose pkgid local.western.oa-bsa.org@1.0.0
16 verbose cwd C:\western.oa-bsa.org
17 error Windows_NT 10.0.14393
18 error argv "C:\\Program Files\\nodejs\\node.exe" "C:\\Program Files\\nodejs\\node_modules\\npm\\bin\\npm-cli.js" "start"
19 error node v6.9.5
20 error npm  v3.10.10
21 error code ELIFECYCLE
22 error local.western.oa-bsa.org@1.0.0 start: `grunt && grunt watch`
22 error Exit status 3221225786
23 error Failed at the local.western.oa-bsa.org@1.0.0 start script 'grunt && grunt watch'.
23 error Make sure you have the latest version of node.js and npm installed.
23 error If you do, this is most likely a problem with the local.western.oa-bsa.org package,
23 error not with npm itself.
23 error Tell the author that this fails on your system:
23 error     grunt && grunt watch
23 error You can get information on how to open an issue for this project with:
23 error     npm bugs local.western.oa-bsa.org
23 error Or if that isn't available, you can get their info via:
23 error     npm owner ls local.western.oa-bsa.org
23 error There is likely additional logging output above.
24 verbose exit [ 1, true ]
